\BOOKMARK [1][-]{section.1}{\376\377\133\236\232\214\166\356\150\007\116\016\127\372\147\054\211\201\154\102}{}% 1
\BOOKMARK [2][-]{subsection.1.1}{\376\377\133\236\232\214\166\356\150\007}{section.1}% 2
\BOOKMARK [2][-]{subsection.1.2}{\376\377\127\372\147\054\211\201\154\102}{section.1}% 3
\BOOKMARK [1][-]{section.2}{\376\377\116\073\211\201\167\345\213\306\160\271\060\001\221\315\160\271\116\016\226\276\160\271}{}% 4
\BOOKMARK [2][-]{subsection.2.1}{\376\377\116\073\211\201\167\345\213\306\160\271}{section.2}% 5
\BOOKMARK [2][-]{subsection.2.2}{\376\377\221\315\160\271}{section.2}% 6
\BOOKMARK [2][-]{subsection.2.3}{\376\377\226\276\160\271}{section.2}% 7
\BOOKMARK [1][-]{section.3}{\376\377\133\236\232\214\217\307\172\013\213\276\213\241}{}% 8
\BOOKMARK [1][-]{section.4}{\376\377\116\073\211\201\133\236\163\260\217\307\172\013}{}% 9
\BOOKMARK [2][-]{subsection.4.1}{\376\377\162\054\206\153\121\306\131\007}{section.4}% 10
\BOOKMARK [3][-]{subsubsection.4.1.1}{\376\377\170\156\133\232\177\121\172\331\377\032\144\034\162\320\200\241\171\150}{subsection.4.1}% 11
\BOOKMARK [3][-]{subsubsection.4.1.2}{\376\377\147\345\167\013\162\054\123\326\121\103\175\040\166\204\116\343\170\001}{subsection.4.1}% 12
\BOOKMARK [3][-]{subsubsection.4.1.3}{\376\377\174\276\121\306\170\156\133\232\162\054\123\326\121\103\175\040}{subsection.4.1}% 13
\BOOKMARK [2][-]{subsection.4.2}{\376\377\203\267\123\326\000H\000T\000M\000L\116\343\170\001}{section.4}% 14
\BOOKMARK [3][-]{subsubsection.4.2.1}{\376\377\117\052\210\305\165\050\142\067}{subsection.4.2}% 15
\BOOKMARK [3][-]{subsubsection.4.2.2}{\376\377\117\177\165\050\000f\000i\000n\000d\000e\000l\000e\000m\000e\000n\000t\162\054\123\326\166\370\121\163\210\150\150\074}{subsection.4.2}% 16
\BOOKMARK [2][-]{subsection.4.3}{\376\377\145\160\143\156\133\130\120\250}{section.4}% 17
\BOOKMARK [3][-]{subsubsection.4.3.1}{\376\377\122\033\136\372\145\160\143\156\136\223\060\001\210\150}{subsection.4.3}% 18
\BOOKMARK [3][-]{subsubsection.4.3.2}{\376\377\145\160\143\156\143\322\121\145\145\160\143\156\136\223}{subsection.4.3}% 19
\BOOKMARK [3][-]{subsubsection.4.3.3}{\376\377\000t\000x\000t\145\207\116\366\166\204\165\037\142\020}{subsection.4.3}% 20
\BOOKMARK [2][-]{subsection.4.4}{\376\377\122\033\136\372\126\376\137\142\123\026\165\114\227\142}{section.4}% 21
\BOOKMARK [3][-]{subsubsection.4.4.1}{\376\377\213\276\213\241\126\376\137\142\123\026\165\114\227\142}{subsection.4.4}% 22
\BOOKMARK [3][-]{subsubsection.4.4.2}{\376\377\147\204\136\372\000M\000y\000F\000r\000a\000m\000e\174\173}{subsection.4.4}% 23
\BOOKMARK [3][-]{subsubsection.4.4.3}{\376\377\147\204\136\372\172\227\123\343\133\371\214\141}{subsection.4.4}% 24
\BOOKMARK [3][-]{subsubsection.4.4.4}{\376\377\143\011\224\256\122\237\200\375\166\204\133\236\163\260}{subsection.4.4}% 25
\BOOKMARK [3][-]{subsubsection.4.4.5}{\376\377\000g\000r\000i\000d\147\204\136\372}{subsection.4.4}% 26
\BOOKMARK [2][-]{subsection.4.5}{\376\377\145\160\143\156\131\004\164\006\123\312\123\357\211\306\123\026}{section.4}% 27
\BOOKMARK [3][-]{subsubsection.4.5.1}{\376\377\145\160\143\156\131\004\164\006}{subsection.4.5}% 28
\BOOKMARK [3][-]{subsubsection.4.5.2}{\376\377\000K\176\277\126\376\166\204\176\330\122\066}{subsection.4.5}% 29
\BOOKMARK [1][-]{section.5}{\376\377\145\110\147\234\134\125\171\072}{}% 30
\BOOKMARK [2][-]{subsection.5.1}{\376\377\137\000\131\313\217\320\210\114\134\125\171\072}{section.5}% 31
\BOOKMARK [2][-]{subsection.5.2}{\376\377\165\114\227\142\134\125\171\072}{section.5}% 32
\BOOKMARK [3][-]{subsubsection.5.2.1}{\376\377\147\345\213\342\210\150\150\074}{subsection.5.2}% 33
\BOOKMARK [3][-]{subsubsection.5.2.2}{\376\377\147\345\213\342\000K\126\376}{subsection.5.2}% 34
\BOOKMARK [2][-]{subsection.5.3}{\376\377\225\056\121\145\121\166\116\326\200\241\171\150\116\343\170\001\145\110\147\234\134\125\171\072}{section.5}% 35
\BOOKMARK [3][-]{subsubsection.5.3.1}{\376\377\146\364\145\260\147\345\213\342\000K\126\376\145\110\147\234\134\125\171\072}{subsection.5.3}% 36
\BOOKMARK [1][-]{section.6}{\376\377\140\073\176\323}{}% 37
\BOOKMARK [2][-]{subsection.6.1}{\376\377\121\163\116\216\162\054\206\153}{section.6}% 38
\BOOKMARK [2][-]{subsection.6.2}{\376\377\121\163\116\216\123\357\211\306\123\026\165\114\227\142}{section.6}% 39
\BOOKMARK [2][-]{subsection.6.3}{\376\377\121\163\116\216\176\330\126\376}{section.6}% 40
\BOOKMARK [2][-]{subsection.6.4}{\376\377\121\163\116\216\145\160\143\156\136\223}{section.6}% 41
\BOOKMARK [1][-]{section.7}{\376\377\226\104\137\125}{}% 42
\BOOKMARK [2][-]{subsection.7.1}{\376\377\200\241\171\150\116\343\170\001\0003\0000\0000\0001\0001\0007\166\204\165\114\227\142\000h\000t\000m\000l\156\220\170\001}{section.7}% 43
\BOOKMARK [2][-]{subsection.7.2}{\376\377\133\236\232\214\156\220\170\001}{section.7}% 44
